2020-01-29 18:29:19,882 [Worker-3: Loading available Gradle versions] INFO  o.e.b.c.i.u.g.PublishedGradleVersions - Gradle version information cache is out-of-date. Trying to update.
2020-01-29 18:30:37,190 [Worker-16: Building workspace] INFO  o.e.m.c.i.l.LifecycleMappingFactory - Using org.eclipse.m2e.jdt.JarLifecycleMapping lifecycle mapping for MavenProject: CucumberMavenHubSpot:CucumberMavenHubSpot:0.0.1-SNAPSHOT @ C:\Users\parmod.kumar\git\CucumberMavenHubSpot\CucumberMavenHubSpot\pom.xml.
2020-01-29 18:30:37,190 [Worker-12: Updating Maven Dependencies] INFO  o.e.m.c.i.l.LifecycleMappingFactory - Using org.eclipse.m2e.jdt.JarLifecycleMapping lifecycle mapping for MavenProject: CucumberMavenHubSpot:CucumberMavenHubSpot:0.0.1-SNAPSHOT @ C:\Users\parmod.kumar\git\CucumberMavenHubSpot\CucumberMavenHubSpot\pom.xml.
2020-01-29 18:30:39,182 [Worker-16: Building workspace] INFO  o.e.m.c.i.embedder.EclipseLogger - Using 'UTF-8' encoding to copy filtered resources.
2020-01-29 18:30:39,182 [Worker-16: Building workspace] INFO  o.e.m.c.i.embedder.EclipseLogger - skip non existing resourceDirectory C:\Users\parmod.kumar\git\CucumberMavenHubSpot\CucumberMavenHubSpot\src\main\resources
2020-01-29 18:30:39,185 [Worker-16: Building workspace] INFO  o.e.m.c.i.embedder.EclipseLogger - Using 'UTF-8' encoding to copy filtered resources.
2020-01-29 18:30:39,185 [Worker-16: Building workspace] INFO  o.e.m.c.i.embedder.EclipseLogger - skip non existing resourceDirectory C:\Users\parmod.kumar\git\CucumberMavenHubSpot\CucumberMavenHubSpot\src\test\resources
2020-01-29 18:30:41,258 [Worker-7: Updating Maven Dependencies] INFO  o.e.m.c.i.l.LifecycleMappingFactory - Using org.eclipse.m2e.jdt.JarLifecycleMapping lifecycle mapping for MavenProject: CucumberMavenHubSpot:CucumberMavenHubSpot:0.0.1-SNAPSHOT @ C:\Users\parmod.kumar\git\CucumberMavenHubSpot\CucumberMavenHubSpot\pom.xml.
2020-01-29 18:30:41,272 [Worker-15: Building workspace] INFO  o.e.m.c.i.embedder.EclipseLogger - Using 'UTF-8' encoding to copy filtered resources.
2020-01-29 18:30:41,273 [Worker-15: Building workspace] INFO  o.e.m.c.i.embedder.EclipseLogger - skip non existing resourceDirectory C:\Users\parmod.kumar\git\CucumberMavenHubSpot\CucumberMavenHubSpot\src\main\resources
2020-01-29 18:30:41,275 [Worker-15: Building workspace] INFO  o.e.m.c.i.embedder.EclipseLogger - Using 'UTF-8' encoding to copy filtered resources.
2020-01-29 18:30:41,276 [Worker-15: Building workspace] INFO  o.e.m.c.i.embedder.EclipseLogger - skip non existing resourceDirectory C:\Users\parmod.kumar\git\CucumberMavenHubSpot\CucumberMavenHubSpot\src\test\resources
2020-01-29 18:30:42,676 [Worker-0: Building workspace] INFO  o.e.m.c.i.embedder.EclipseLogger - Using 'UTF-8' encoding to copy filtered resources.
2020-01-29 18:30:42,677 [Worker-0: Building workspace] INFO  o.e.m.c.i.embedder.EclipseLogger - skip non existing resourceDirectory C:\Users\parmod.kumar\git\CucumberMavenHubSpot\CucumberMavenHubSpot\src\main\resources
2020-01-29 18:30:42,678 [Worker-0: Building workspace] INFO  o.e.m.c.i.embedder.EclipseLogger - Using 'UTF-8' encoding to copy filtered resources.
2020-01-29 18:30:42,679 [Worker-0: Building workspace] INFO  o.e.m.c.i.embedder.EclipseLogger - skip non existing resourceDirectory C:\Users\parmod.kumar\git\CucumberMavenHubSpot\CucumberMavenHubSpot\src\test\resources
2020-01-29 18:31:44,328 [Worker-11: Creating maven-archetype-quickstart] INFO  o.e.m.c.i.p.ProjectConfigurationManager - Collecting project info '/pom.xml' C:\Users\parmod.kumar\git\CucumberMavenHubSpot\JsonParser\pom.xml
2020-01-29 18:31:44,445 [Worker-11: Creating maven-archetype-quickstart] INFO  o.e.m.c.i.l.LifecycleMappingFactory - Using org.eclipse.m2e.jdt.JarLifecycleMapping lifecycle mapping for MavenProject: JsonParser:JsonParser:0.0.1-SNAPSHOT @ C:\Users\parmod.kumar\git\CucumberMavenHubSpot\JsonParser\pom.xml.
2020-01-29 18:31:44,604 [Worker-11: Creating maven-archetype-quickstart] INFO  o.e.m.j.i.AbstractJavaProjectConfigurator - Adding source folder /JsonParser/src/main/java
2020-01-29 18:31:44,609 [Worker-11: Creating maven-archetype-quickstart] INFO  o.e.m.j.i.AbstractJavaProjectConfigurator - Adding source folder /JsonParser/src/test/java
2020-01-29 18:31:44,698 [Worker-11: Creating maven-archetype-quickstart] INFO  o.e.m.c.i.p.ProjectConfigurationManager - Imported and configured 1 project(s) in 0 sec
2020-01-29 18:31:45,044 [Worker-15: Building workspace] INFO  o.e.m.c.i.embedder.EclipseLogger - Using 'UTF-8' encoding to copy filtered resources.
2020-01-29 18:31:45,044 [Worker-15: Building workspace] INFO  o.e.m.c.i.embedder.EclipseLogger - skip non existing resourceDirectory C:\Users\parmod.kumar\git\CucumberMavenHubSpot\JsonParser\src\main\resources
2020-01-29 18:31:45,046 [Worker-15: Building workspace] INFO  o.e.m.c.i.embedder.EclipseLogger - Using 'UTF-8' encoding to copy filtered resources.
2020-01-29 18:31:45,046 [Worker-15: Building workspace] INFO  o.e.m.c.i.embedder.EclipseLogger - skip non existing resourceDirectory C:\Users\parmod.kumar\git\CucumberMavenHubSpot\JsonParser\src\test\resources
2020-01-29 18:31:58,708 [Worker-11: Building workspace] INFO  o.e.m.c.i.embedder.EclipseLogger - Using 'UTF-8' encoding to copy filtered resources.
2020-01-29 18:31:58,708 [Worker-11: Building workspace] INFO  o.e.m.c.i.embedder.EclipseLogger - skip non existing resourceDirectory C:\Users\parmod.kumar\git\CucumberMavenHubSpot\JsonParser\src\main\resources
2020-01-29 18:31:58,709 [Worker-11: Building workspace] INFO  o.e.m.c.i.embedder.EclipseLogger - Using 'UTF-8' encoding to copy filtered resources.
2020-01-29 18:31:58,709 [Worker-11: Building workspace] INFO  o.e.m.c.i.embedder.EclipseLogger - skip non existing resourceDirectory C:\Users\parmod.kumar\git\CucumberMavenHubSpot\JsonParser\src\test\resources
2020-01-29 18:32:04,687 [Worker-2: Building workspace] INFO  o.e.m.c.i.embedder.EclipseLogger - Using 'UTF-8' encoding to copy filtered resources.
2020-01-29 18:32:04,688 [Worker-2: Building workspace] INFO  o.e.m.c.i.embedder.EclipseLogger - skip non existing resourceDirectory C:\Users\parmod.kumar\git\CucumberMavenHubSpot\JsonParser\src\main\resources
2020-01-29 18:32:04,689 [Worker-2: Building workspace] INFO  o.e.m.c.i.embedder.EclipseLogger - Using 'UTF-8' encoding to copy filtered resources.
2020-01-29 18:32:04,690 [Worker-2: Building workspace] INFO  o.e.m.c.i.embedder.EclipseLogger - skip non existing resourceDirectory C:\Users\parmod.kumar\git\CucumberMavenHubSpot\JsonParser\src\test\resources
2020-01-29 18:33:14,534 [Worker-15: Building workspace] INFO  o.e.m.c.i.l.LifecycleMappingFactory - Using org.eclipse.m2e.jdt.JarLifecycleMapping lifecycle mapping for MavenProject: JsonParser:JsonParser:0.0.1-SNAPSHOT @ C:\Users\parmod.kumar\git\CucumberMavenHubSpot\JsonParser\pom.xml.
2020-01-29 18:33:14,741 [Worker-15: Building workspace] INFO  o.e.m.c.i.embedder.EclipseLogger - Using 'UTF-8' encoding to copy filtered resources.
2020-01-29 18:33:14,742 [Worker-15: Building workspace] INFO  o.e.m.c.i.embedder.EclipseLogger - skip non existing resourceDirectory C:\Users\parmod.kumar\git\CucumberMavenHubSpot\JsonParser\src\main\resources
2020-01-29 18:33:14,745 [Worker-15: Building workspace] INFO  o.e.m.c.i.embedder.EclipseLogger - Using 'UTF-8' encoding to copy filtered resources.
2020-01-29 18:33:14,745 [Worker-15: Building workspace] INFO  o.e.m.c.i.embedder.EclipseLogger - skip non existing resourceDirectory C:\Users\parmod.kumar\git\CucumberMavenHubSpot\JsonParser\src\test\resources
2020-01-29 18:33:15,938 [Worker-13: Building workspace] INFO  o.e.m.c.i.embedder.EclipseLogger - Using 'UTF-8' encoding to copy filtered resources.
2020-01-29 18:33:15,938 [Worker-13: Building workspace] INFO  o.e.m.c.i.embedder.EclipseLogger - skip non existing resourceDirectory C:\Users\parmod.kumar\git\CucumberMavenHubSpot\JsonParser\src\main\resources
2020-01-29 18:33:15,940 [Worker-13: Building workspace] INFO  o.e.m.c.i.embedder.EclipseLogger - Using 'UTF-8' encoding to copy filtered resources.
2020-01-29 18:33:15,940 [Worker-13: Building workspace] INFO  o.e.m.c.i.embedder.EclipseLogger - skip non existing resourceDirectory C:\Users\parmod.kumar\git\CucumberMavenHubSpot\JsonParser\src\test\resources
2020-01-29 18:33:45,215 [Worker-14: Building workspace] INFO  o.e.m.c.i.embedder.EclipseLogger - Using 'UTF-8' encoding to copy filtered resources.
2020-01-29 18:33:45,216 [Worker-14: Building workspace] INFO  o.e.m.c.i.embedder.EclipseLogger - skip non existing resourceDirectory C:\Users\parmod.kumar\git\CucumberMavenHubSpot\JsonParser\src\main\resources
2020-01-29 18:33:45,218 [Worker-14: Building workspace] INFO  o.e.m.c.i.embedder.EclipseLogger - Using 'UTF-8' encoding to copy filtered resources.
2020-01-29 18:33:45,218 [Worker-14: Building workspace] INFO  o.e.m.c.i.embedder.EclipseLogger - skip non existing resourceDirectory C:\Users\parmod.kumar\git\CucumberMavenHubSpot\JsonParser\src\test\resources
2020-01-29 18:34:07,238 [Worker-14: Building workspace] INFO  o.e.m.c.i.embedder.EclipseLogger - Using 'UTF-8' encoding to copy filtered resources.
2020-01-29 18:34:07,239 [Worker-14: Building workspace] INFO  o.e.m.c.i.embedder.EclipseLogger - skip non existing resourceDirectory C:\Users\parmod.kumar\git\CucumberMavenHubSpot\JsonParser\src\main\resources
2020-01-29 18:34:07,241 [Worker-14: Building workspace] INFO  o.e.m.c.i.embedder.EclipseLogger - Using 'UTF-8' encoding to copy filtered resources.
2020-01-29 18:34:07,241 [Worker-14: Building workspace] INFO  o.e.m.c.i.embedder.EclipseLogger - skip non existing resourceDirectory C:\Users\parmod.kumar\git\CucumberMavenHubSpot\JsonParser\src\test\resources
2020-01-29 18:34:31,702 [Worker-2: Building workspace] INFO  o.e.m.c.i.embedder.EclipseLogger - Using 'UTF-8' encoding to copy filtered resources.
2020-01-29 18:34:31,703 [Worker-2: Building workspace] INFO  o.e.m.c.i.embedder.EclipseLogger - skip non existing resourceDirectory C:\Users\parmod.kumar\git\CucumberMavenHubSpot\JsonParser\src\main\resources
2020-01-29 18:34:31,706 [Worker-2: Building workspace] INFO  o.e.m.c.i.embedder.EclipseLogger - Using 'UTF-8' encoding to copy filtered resources.
2020-01-29 18:34:31,706 [Worker-2: Building workspace] INFO  o.e.m.c.i.embedder.EclipseLogger - skip non existing resourceDirectory C:\Users\parmod.kumar\git\CucumberMavenHubSpot\JsonParser\src\test\resources
2020-01-29 18:34:56,952 [Worker-3: Building workspace] INFO  o.e.m.c.i.embedder.EclipseLogger - Using 'UTF-8' encoding to copy filtered resources.
2020-01-29 18:34:56,953 [Worker-3: Building workspace] INFO  o.e.m.c.i.embedder.EclipseLogger - skip non existing resourceDirectory C:\Users\parmod.kumar\git\CucumberMavenHubSpot\JsonParser\src\main\resources
2020-01-29 18:34:56,956 [Worker-3: Building workspace] INFO  o.e.m.c.i.embedder.EclipseLogger - Using 'UTF-8' encoding to copy filtered resources.
2020-01-29 18:34:56,956 [Worker-3: Building workspace] INFO  o.e.m.c.i.embedder.EclipseLogger - skip non existing resourceDirectory C:\Users\parmod.kumar\git\CucumberMavenHubSpot\JsonParser\src\test\resources
2020-01-29 18:34:57,996 [Worker-2: Building workspace] INFO  o.e.m.c.i.embedder.EclipseLogger - Using 'UTF-8' encoding to copy filtered resources.
2020-01-29 18:34:57,996 [Worker-2: Building workspace] INFO  o.e.m.c.i.embedder.EclipseLogger - skip non existing resourceDirectory C:\Users\parmod.kumar\git\CucumberMavenHubSpot\CucumberMavenHubSpot\src\main\resources
2020-01-29 18:34:57,998 [Worker-2: Building workspace] INFO  o.e.m.c.i.embedder.EclipseLogger - Using 'UTF-8' encoding to copy filtered resources.
2020-01-29 18:34:57,998 [Worker-2: Building workspace] INFO  o.e.m.c.i.embedder.EclipseLogger - skip non existing resourceDirectory C:\Users\parmod.kumar\git\CucumberMavenHubSpot\CucumberMavenHubSpot\src\test\resources
2020-01-29 18:34:58,008 [Worker-2: Building workspace] INFO  o.e.m.c.i.embedder.EclipseLogger - Using 'UTF-8' encoding to copy filtered resources.
2020-01-29 18:34:58,008 [Worker-2: Building workspace] INFO  o.e.m.c.i.embedder.EclipseLogger - skip non existing resourceDirectory C:\Users\parmod.kumar\git\CucumberMavenHubSpot\JsonParser\src\main\resources
2020-01-29 18:34:58,009 [Worker-2: Building workspace] INFO  o.e.m.c.i.embedder.EclipseLogger - Using 'UTF-8' encoding to copy filtered resources.
2020-01-29 18:34:58,009 [Worker-2: Building workspace] INFO  o.e.m.c.i.embedder.EclipseLogger - skip non existing resourceDirectory C:\Users\parmod.kumar\git\CucumberMavenHubSpot\JsonParser\src\test\resources
2020-01-29 18:42:17,734 [Worker-13: Building workspace] INFO  o.e.m.c.i.embedder.EclipseLogger - Using 'UTF-8' encoding to copy filtered resources.
2020-01-29 18:42:17,734 [Worker-13: Building workspace] INFO  o.e.m.c.i.embedder.EclipseLogger - skip non existing resourceDirectory C:\Users\parmod.kumar\git\CucumberMavenHubSpot\JsonParser\src\main\resources
2020-01-29 18:42:17,735 [Worker-13: Building workspace] INFO  o.e.m.c.i.embedder.EclipseLogger - Using 'UTF-8' encoding to copy filtered resources.
2020-01-29 18:42:17,735 [Worker-13: Building workspace] INFO  o.e.m.c.i.embedder.EclipseLogger - skip non existing resourceDirectory C:\Users\parmod.kumar\git\CucumberMavenHubSpot\JsonParser\src\test\resources
2020-01-29 18:45:21,040 [Worker-8: Building workspace] INFO  o.e.m.c.i.embedder.EclipseLogger - Using 'UTF-8' encoding to copy filtered resources.
2020-01-29 18:45:21,040 [Worker-8: Building workspace] INFO  o.e.m.c.i.embedder.EclipseLogger - skip non existing resourceDirectory C:\Users\parmod.kumar\git\CucumberMavenHubSpot\JsonParser\src\main\resources
2020-01-29 18:45:21,042 [Worker-8: Building workspace] INFO  o.e.m.c.i.embedder.EclipseLogger - Using 'UTF-8' encoding to copy filtered resources.
2020-01-29 18:45:21,042 [Worker-8: Building workspace] INFO  o.e.m.c.i.embedder.EclipseLogger - skip non existing resourceDirectory C:\Users\parmod.kumar\git\CucumberMavenHubSpot\JsonParser\src\test\resources
2020-01-29 18:50:02,649 [Worker-25: Building workspace] INFO  o.e.m.c.i.embedder.EclipseLogger - Using 'UTF-8' encoding to copy filtered resources.
2020-01-29 18:50:02,650 [Worker-25: Building workspace] INFO  o.e.m.c.i.embedder.EclipseLogger - skip non existing resourceDirectory C:\Users\parmod.kumar\git\CucumberMavenHubSpot\JsonParser\src\main\resources
2020-01-29 18:50:02,652 [Worker-25: Building workspace] INFO  o.e.m.c.i.embedder.EclipseLogger - Using 'UTF-8' encoding to copy filtered resources.
2020-01-29 18:50:02,653 [Worker-25: Building workspace] INFO  o.e.m.c.i.embedder.EclipseLogger - skip non existing resourceDirectory C:\Users\parmod.kumar\git\CucumberMavenHubSpot\JsonParser\src\test\resources
2020-01-29 18:57:13,969 [Worker-24: Building workspace] INFO  o.e.m.c.i.embedder.EclipseLogger - Using 'UTF-8' encoding to copy filtered resources.
2020-01-29 18:57:13,970 [Worker-24: Building workspace] INFO  o.e.m.c.i.embedder.EclipseLogger - skip non existing resourceDirectory C:\Users\parmod.kumar\git\CucumberMavenHubSpot\JsonParser\src\main\resources
2020-01-29 18:57:13,971 [Worker-24: Building workspace] INFO  o.e.m.c.i.embedder.EclipseLogger - Using 'UTF-8' encoding to copy filtered resources.
2020-01-29 18:57:13,971 [Worker-24: Building workspace] INFO  o.e.m.c.i.embedder.EclipseLogger - skip non existing resourceDirectory C:\Users\parmod.kumar\git\CucumberMavenHubSpot\JsonParser\src\test\resources
2020-01-29 18:58:48,360 [Worker-8: Building workspace] INFO  o.e.m.c.i.embedder.EclipseLogger - Using 'UTF-8' encoding to copy filtered resources.
2020-01-29 18:58:48,361 [Worker-8: Building workspace] INFO  o.e.m.c.i.embedder.EclipseLogger - skip non existing resourceDirectory C:\Users\parmod.kumar\git\CucumberMavenHubSpot\JsonParser\src\main\resources
2020-01-29 18:58:48,362 [Worker-8: Building workspace] INFO  o.e.m.c.i.embedder.EclipseLogger - Using 'UTF-8' encoding to copy filtered resources.
2020-01-29 18:58:48,362 [Worker-8: Building workspace] INFO  o.e.m.c.i.embedder.EclipseLogger - skip non existing resourceDirectory C:\Users\parmod.kumar\git\CucumberMavenHubSpot\JsonParser\src\test\resources
2020-01-29 19:01:22,600 [Worker-0: Building workspace] INFO  o.e.m.c.i.embedder.EclipseLogger - Using 'UTF-8' encoding to copy filtered resources.
2020-01-29 19:01:22,600 [Worker-0: Building workspace] INFO  o.e.m.c.i.embedder.EclipseLogger - skip non existing resourceDirectory C:\Users\parmod.kumar\git\CucumberMavenHubSpot\JsonParser\src\main\resources
2020-01-29 19:01:22,601 [Worker-0: Building workspace] INFO  o.e.m.c.i.embedder.EclipseLogger - Using 'UTF-8' encoding to copy filtered resources.
2020-01-29 19:01:22,602 [Worker-0: Building workspace] INFO  o.e.m.c.i.embedder.EclipseLogger - skip non existing resourceDirectory C:\Users\parmod.kumar\git\CucumberMavenHubSpot\JsonParser\src\test\resources
